app/build/intermediates/manifest_merge_blame_file/debug/manifest-merger-blame-debug-report.txt
1<?xml version="1.0" encoding="utf-8"?>
2<manifest xmlns:android="http://schemas.android.com/apk/res/android"
3    package="com.example.idecabe"
4    android:versionCode="1"
5    android:versionName="1.0" >
6
7    <uses-sdk
8        android:minSdkVersion="24"
8-->src\main\AndroidManifest.xml
9        android:targetSdkVersion="32" />
9-->src\main\AndroidManifest.xml
10
11    <uses-permission android:name="android.permission.READ_EXTERNAL_STORAGE" />
11-->src\main\AndroidManifest.xml:6:5-80
11-->src\main\AndroidManifest.xml:6:22-77
12    <uses-permission
12-->src\main\AndroidManifest.xml:7:5-81
13        android:name="android.permission.WRITE_EXTERNAL_STORAGE"
13-->src\main\AndroidManifest.xml:7:22-78
14        android:maxSdkVersion="28" />
14-->[com.github.Drjacky:ImagePicker:2.3.20] AndroidManifest.xml:12:9-35
15    <uses-permission android:name="android.permission.INTERNET" />
15-->src\main\AndroidManifest.xml:8:5-67
15-->src\main\AndroidManifest.xml:8:22-64
16    <uses-permission android:name="android.permission.ACCESS_WIFI_STATE" />
16-->[com.github.TistoW:MyHelper:2.0.9] AndroidManifest.xml:13:5-76
16-->[com.github.TistoW:MyHelper:2.0.9] AndroidManifest.xml:13:22-73
17    <uses-permission android:name="android.permission.ACCESS_NETWORK_STATE" />
17-->[com.github.TistoW:MyHelper:2.0.9] AndroidManifest.xml:14:5-79
17-->[com.github.TistoW:MyHelper:2.0.9] AndroidManifest.xml:14:22-76
18    <uses-permission android:name="android.permission.READ_PRIVILEGED_PHONE_STATE" />
18-->[com.github.TistoW:MyHelper:2.0.9] AndroidManifest.xml:15:5-17:47
18-->[com.github.TistoW:MyHelper:2.0.9] AndroidManifest.xml:16:9-70
19
20    <queries>
20-->[com.github.CanHub:Android-Image-Cropper:4.3.0] AndroidManifest.xml:9:5-20:15
21        <intent>
21-->[com.github.CanHub:Android-Image-Cropper:4.3.0] AndroidManifest.xml:10:9-16:18
22            <action android:name="android.intent.action.GET_CONTENT" />
22-->[com.github.CanHub:Android-Image-Cropper:4.3.0] AndroidManifest.xml:11:13-72
22-->[com.github.CanHub:Android-Image-Cropper:4.3.0] AndroidManifest.xml:11:21-69
23
24            <category android:name="android.intent.category.OPENABLE" />
24-->[com.github.CanHub:Android-Image-Cropper:4.3.0] AndroidManifest.xml:13:13-73
24-->[com.github.CanHub:Android-Image-Cropper:4.3.0] AndroidManifest.xml:13:23-70
25
26            <data android:mimeType="*/*" />
26-->[com.github.CanHub:Android-Image-Cropper:4.3.0] AndroidManifest.xml:15:13-44
26-->[com.github.CanHub:Android-Image-Cropper:4.3.0] AndroidManifest.xml:15:19-41
27        </intent>
28        <intent>
28-->[com.github.CanHub:Android-Image-Cropper:4.3.0] AndroidManifest.xml:17:9-19:18
29            <action android:name="android.media.action.IMAGE_CAPTURE" />
29-->[com.github.CanHub:Android-Image-Cropper:4.3.0] AndroidManifest.xml:18:13-73
29-->[com.github.CanHub:Android-Image-Cropper:4.3.0] AndroidManifest.xml:18:21-70
30        </intent>
31        <!-- Gallery -->
32        <intent>
32-->[com.github.Drjacky:ImagePicker:2.3.20] AndroidManifest.xml:17:9-23:18
33            <action android:name="android.intent.action.GET_CONTENT" />
33-->[com.github.CanHub:Android-Image-Cropper:4.3.0] AndroidManifest.xml:11:13-72
33-->[com.github.CanHub:Android-Image-Cropper:4.3.0] AndroidManifest.xml:11:21-69
34
35            <category android:name="android.intent.category.OPENABLE" />
35-->[com.github.CanHub:Android-Image-Cropper:4.3.0] AndroidManifest.xml:13:13-73
35-->[com.github.CanHub:Android-Image-Cropper:4.3.0] AndroidManifest.xml:13:23-70
36
37            <data android:mimeType="image/*" />
37-->[com.github.CanHub:Android-Image-Cropper:4.3.0] AndroidManifest.xml:15:13-44
37-->[com.github.CanHub:Android-Image-Cropper:4.3.0] AndroidManifest.xml:15:19-41
38        </intent>
39        <intent>
39-->[com.github.Drjacky:ImagePicker:2.3.20] AndroidManifest.xml:24:9-28:18
40            <action android:name="android.intent.action.PICK" />
40-->[com.github.Drjacky:ImagePicker:2.3.20] AndroidManifest.xml:25:13-65
40-->[com.github.Drjacky:ImagePicker:2.3.20] AndroidManifest.xml:25:21-62
41
42            <data android:mimeType="image/*" />
42-->[com.github.CanHub:Android-Image-Cropper:4.3.0] AndroidManifest.xml:15:13-44
42-->[com.github.CanHub:Android-Image-Cropper:4.3.0] AndroidManifest.xml:15:19-41
43        </intent>
44        <intent>
44-->[com.github.Drjacky:ImagePicker:2.3.20] AndroidManifest.xml:29:9-31:18
45            <action android:name="android.intent.action.CHOOSER" />
45-->[com.github.Drjacky:ImagePicker:2.3.20] AndroidManifest.xml:30:13-68
45-->[com.github.Drjacky:ImagePicker:2.3.20] AndroidManifest.xml:30:21-65
46        </intent>
47    </queries>
48
49    <uses-permission android:name="android.permission.WAKE_LOCK" />
49-->[androidx.work:work-runtime:2.7.1] AndroidManifest.xml:25:5-68
49-->[androidx.work:work-runtime:2.7.1] AndroidManifest.xml:25:22-65
50    <uses-permission android:name="android.permission.RECEIVE_BOOT_COMPLETED" />
50-->[androidx.work:work-runtime:2.7.1] AndroidManifest.xml:27:5-81
50-->[androidx.work:work-runtime:2.7.1] AndroidManifest.xml:27:22-78
51    <uses-permission android:name="android.permission.FOREGROUND_SERVICE" />
51-->[androidx.work:work-runtime:2.7.1] AndroidManifest.xml:28:5-77
51-->[androidx.work:work-runtime:2.7.1] AndroidManifest.xml:28:22-74
52
53    <application
53-->src\main\AndroidManifest.xml:10:5-53:19
54        android:name="com.example.idecabe.MyApplication"
54-->src\main\AndroidManifest.xml:11:9-38
55        android:allowBackup="true"
55-->src\main\AndroidManifest.xml:12:9-35
56        android:appComponentFactory="androidx.core.app.CoreComponentFactory"
56-->[androidx.core:core:1.8.0] AndroidManifest.xml:24:18-86
57        android:dataExtractionRules="@xml/data_extraction_rules"
57-->src\main\AndroidManifest.xml:13:9-65
58        android:debuggable="true"
59        android:extractNativeLibs="false"
60        android:fullBackupContent="@xml/backup_rules"
60-->src\main\AndroidManifest.xml:14:9-54
61        android:icon="@mipmap/ic_launcher"
61-->src\main\AndroidManifest.xml:15:9-43
62        android:label="@string/app_name"
62-->src\main\AndroidManifest.xml:16:9-41
63        android:roundIcon="@mipmap/ic_launcher_round"
63-->src\main\AndroidManifest.xml:17:9-54
64        android:supportsRtl="true"
64-->src\main\AndroidManifest.xml:18:9-35
65        android:testOnly="true"
66        android:theme="@style/Theme.IdeCabe" >
66-->src\main\AndroidManifest.xml:19:9-45
67        <activity
67-->src\main\AndroidManifest.xml:21:9-23:39
68            android:name="com.example.idecabe.ui.project.ProjectActivity"
68-->src\main\AndroidManifest.xml:22:13-55
69            android:exported="true" />
69-->src\main\AndroidManifest.xml:23:13-36
70        <activity
70-->src\main\AndroidManifest.xml:24:9-32:20
71            android:name="com.example.idecabe.ui.SplashAcytivity.SplashActivity"
71-->src\main\AndroidManifest.xml:25:13-62
72            android:exported="true" >
72-->src\main\AndroidManifest.xml:26:13-36
73            <intent-filter>
73-->src\main\AndroidManifest.xml:27:13-31:29
74                <action android:name="android.intent.action.MAIN" />
74-->src\main\AndroidManifest.xml:28:17-69
74-->src\main\AndroidManifest.xml:28:25-66
75
76                <category android:name="android.intent.category.LAUNCHER" />
76-->src\main\AndroidManifest.xml:30:17-77
76-->src\main\AndroidManifest.xml:30:27-74
77            </intent-filter>
78        </activity>
79        <activity
79-->src\main\AndroidManifest.xml:33:9-35:39
80            android:name="com.example.idecabe.ui.register.RegisterActivity"
80-->src\main\AndroidManifest.xml:34:13-57
81            android:exported="true" />
81-->src\main\AndroidManifest.xml:35:13-36
82        <activity
82-->src\main\AndroidManifest.xml:36:9-38:39
83            android:name="com.example.idecabe.ui.auth.LoginActivity"
83-->src\main\AndroidManifest.xml:37:13-50
84            android:exported="true" />
84-->src\main\AndroidManifest.xml:38:13-36
85        <activity
85-->src\main\AndroidManifest.xml:39:9-41:40
86            android:name="com.example.idecabe.ui.project_detail.ProjectDetail"
86-->src\main\AndroidManifest.xml:40:13-60
87            android:exported="false" />
87-->src\main\AndroidManifest.xml:41:13-37
88        <activity
88-->src\main\AndroidManifest.xml:42:9-45:72
89            android:name="com.example.idecabe.BottomNavigationActivity"
89-->src\main\AndroidManifest.xml:43:13-53
90            android:exported="true"
90-->src\main\AndroidManifest.xml:44:13-36
91            android:label="@string/title_activity_bottom_navigation" />
91-->src\main\AndroidManifest.xml:45:13-69
92        <activity
92-->src\main\AndroidManifest.xml:46:9-48:39
93            android:name="com.example.idecabe.MainActivity"
93-->src\main\AndroidManifest.xml:47:13-41
94            android:exported="true" />
94-->src\main\AndroidManifest.xml:48:13-36
95
96        <meta-data
96-->src\main\AndroidManifest.xml:50:9-52:57
97            android:name="preloaded_fonts"
97-->src\main\AndroidManifest.xml:51:13-43
98            android:resource="@array/preloaded_fonts" />
98-->src\main\AndroidManifest.xml:52:13-54
99
100        <provider
100-->[com.github.CanHub:Android-Image-Cropper:4.3.0] AndroidManifest.xml:23:9-31:20
101            android:name="com.canhub.cropper.CropFileProvider"
101-->[com.github.CanHub:Android-Image-Cropper:4.3.0] AndroidManifest.xml:24:13-63
102            android:authorities="com.example.idecabe.cropper.fileprovider"
102-->[com.github.CanHub:Android-Image-Cropper:4.3.0] AndroidManifest.xml:25:13-72
103            android:exported="false"
103-->[com.github.CanHub:Android-Image-Cropper:4.3.0] AndroidManifest.xml:26:13-37
104            android:grantUriPermissions="true" >
104-->[com.github.CanHub:Android-Image-Cropper:4.3.0] AndroidManifest.xml:27:13-47
105            <meta-data
105-->[com.github.CanHub:Android-Image-Cropper:4.3.0] AndroidManifest.xml:28:13-30:62
106                android:name="android.support.FILE_PROVIDER_PATHS"
106-->[com.github.CanHub:Android-Image-Cropper:4.3.0] AndroidManifest.xml:29:17-67
107                android:resource="@xml/library_file_paths" />
107-->[com.github.CanHub:Android-Image-Cropper:4.3.0] AndroidManifest.xml:30:17-59
108        </provider>
109
110        <activity
110-->[com.github.CanHub:Android-Image-Cropper:4.3.0] AndroidManifest.xml:33:9-35:39
111            android:name="com.canhub.cropper.CropImageActivity"
111-->[com.github.CanHub:Android-Image-Cropper:4.3.0] AndroidManifest.xml:34:13-64
112            android:exported="true" /> <!-- This is here because the library did not update yet to Android 12 so we force the exported value when merging manifests -->
112-->[com.github.CanHub:Android-Image-Cropper:4.3.0] AndroidManifest.xml:35:13-36
113        <activity
113-->[com.github.CanHub:Android-Image-Cropper:4.3.0] AndroidManifest.xml:38:9-45:20
114            android:name="androidx.test.core.app.InstrumentationActivityInvoker$BootstrapActivity"
114-->[com.github.CanHub:Android-Image-Cropper:4.3.0] AndroidManifest.xml:39:13-99
115            android:exported="true"
115-->[com.github.CanHub:Android-Image-Cropper:4.3.0] AndroidManifest.xml:40:13-36
116            android:theme="@android:style/Theme" >
116-->[com.github.CanHub:Android-Image-Cropper:4.3.0] AndroidManifest.xml:41:13-49
117            <intent-filter>
117-->[com.github.CanHub:Android-Image-Cropper:4.3.0] AndroidManifest.xml:42:13-44:29
118                <action android:name="android.intent.action.MAIN" />
118-->src\main\AndroidManifest.xml:28:17-69
118-->src\main\AndroidManifest.xml:28:25-66
119            </intent-filter>
120        </activity>
121        <activity
121-->[com.github.CanHub:Android-Image-Cropper:4.3.0] AndroidManifest.xml:46:9-53:20
122            android:name="androidx.test.core.app.InstrumentationActivityInvoker$EmptyActivity"
122-->[com.github.CanHub:Android-Image-Cropper:4.3.0] AndroidManifest.xml:47:13-95
123            android:exported="true"
123-->[com.github.CanHub:Android-Image-Cropper:4.3.0] AndroidManifest.xml:48:13-36
124            android:theme="@android:style/Theme" >
124-->[com.github.CanHub:Android-Image-Cropper:4.3.0] AndroidManifest.xml:49:13-49
125            <intent-filter>
125-->[com.github.CanHub:Android-Image-Cropper:4.3.0] AndroidManifest.xml:42:13-44:29
126                <action android:name="android.intent.action.MAIN" />
126-->src\main\AndroidManifest.xml:28:17-69
126-->src\main\AndroidManifest.xml:28:25-66
127            </intent-filter>
128        </activity>
129        <activity
129-->[com.github.CanHub:Android-Image-Cropper:4.3.0] AndroidManifest.xml:54:9-61:20
130            android:name="androidx.test.core.app.InstrumentationActivityInvoker$EmptyFloatingActivity"
130-->[com.github.CanHub:Android-Image-Cropper:4.3.0] AndroidManifest.xml:55:13-103
131            android:exported="true"
131-->[com.github.CanHub:Android-Image-Cropper:4.3.0] AndroidManifest.xml:56:13-36
132            android:theme="@android:style/Theme.Dialog" >
132-->[com.github.CanHub:Android-Image-Cropper:4.3.0] AndroidManifest.xml:57:13-56
133            <intent-filter>
133-->[com.github.CanHub:Android-Image-Cropper:4.3.0] AndroidManifest.xml:42:13-44:29
134                <action android:name="android.intent.action.MAIN" />
134-->src\main\AndroidManifest.xml:28:17-69
134-->src\main\AndroidManifest.xml:28:25-66
135            </intent-filter>
136        </activity>
137        <activity
137-->[com.github.Drjacky:ImagePicker:2.3.20] AndroidManifest.xml:39:9-42:68
138            android:name="com.github.drjacky.imagepicker.ImagePickerActivity"
138-->[com.github.Drjacky:ImagePicker:2.3.20] AndroidManifest.xml:40:13-78
139            android:screenOrientation="unspecified"
139-->[com.github.Drjacky:ImagePicker:2.3.20] AndroidManifest.xml:41:13-52
140            android:theme="@style/Theme.Transparent.ImagePicker" />
140-->[com.github.Drjacky:ImagePicker:2.3.20] AndroidManifest.xml:42:13-65
141        <activity
141-->[com.github.Drjacky:ImagePicker:2.3.20] AndroidManifest.xml:43:9-46:72
142            android:name="com.yalantis.ucrop.UCropActivity"
142-->[com.github.Drjacky:ImagePicker:2.3.20] AndroidManifest.xml:44:13-60
143            android:screenOrientation="portrait"
143-->[com.github.Drjacky:ImagePicker:2.3.20] AndroidManifest.xml:45:13-49
144            android:theme="@style/Theme.AppCompat.Light.NoActionBar" />
144-->[com.github.Drjacky:ImagePicker:2.3.20] AndroidManifest.xml:46:13-69
145
146        <provider
146-->[com.github.Drjacky:ImagePicker:2.3.20] AndroidManifest.xml:48:9-56:20
147            android:name="com.github.drjacky.imagepicker.ImagePickerFileProvider"
147-->[com.github.Drjacky:ImagePicker:2.3.20] AndroidManifest.xml:49:13-82
148            android:authorities="com.example.idecabe.imagepicker.provider"
148-->[com.github.Drjacky:ImagePicker:2.3.20] AndroidManifest.xml:50:13-72
149            android:exported="false"
149-->[com.github.Drjacky:ImagePicker:2.3.20] AndroidManifest.xml:51:13-37
150            android:grantUriPermissions="true" >
150-->[com.github.Drjacky:ImagePicker:2.3.20] AndroidManifest.xml:52:13-47
151            <meta-data
151-->[com.github.CanHub:Android-Image-Cropper:4.3.0] AndroidManifest.xml:28:13-30:62
152                android:name="android.support.FILE_PROVIDER_PATHS"
152-->[com.github.CanHub:Android-Image-Cropper:4.3.0] AndroidManifest.xml:29:17-67
153                android:resource="@xml/image_picker_provider_paths" />
153-->[com.github.CanHub:Android-Image-Cropper:4.3.0] AndroidManifest.xml:30:17-59
154        </provider>
155
156        <service
156-->[com.google.firebase:firebase-storage-ktx:20.1.0] AndroidManifest.xml:11:9-17:19
157            android:name="com.google.firebase.components.ComponentDiscoveryService"
157-->[com.google.firebase:firebase-storage-ktx:20.1.0] AndroidManifest.xml:12:13-84
158            android:directBootAware="true"
158-->[com.google.firebase:firebase-common:20.2.0] AndroidManifest.xml:34:13-43
159            android:exported="false" >
159-->[com.google.firebase:firebase-storage-ktx:20.1.0] AndroidManifest.xml:13:13-37
160            <meta-data
160-->[com.google.firebase:firebase-storage-ktx:20.1.0] AndroidManifest.xml:14:13-16:85
161                android:name="com.google.firebase.components:com.google.firebase.storage.ktx.FirebaseStorageKtxRegistrar"
161-->[com.google.firebase:firebase-storage-ktx:20.1.0] AndroidManifest.xml:15:17-122
162                android:value="com.google.firebase.components.ComponentRegistrar" />
162-->[com.google.firebase:firebase-storage-ktx:20.1.0] AndroidManifest.xml:16:17-82
163            <meta-data
163-->[com.google.firebase:firebase-common-ktx:20.2.0] AndroidManifest.xml:14:13-16:85
164                android:name="com.google.firebase.components:com.google.firebase.ktx.FirebaseCommonKtxRegistrar"
164-->[com.google.firebase:firebase-common-ktx:20.2.0] AndroidManifest.xml:15:17-113
165                android:value="com.google.firebase.components.ComponentRegistrar" />
165-->[com.google.firebase:firebase-common-ktx:20.2.0] AndroidManifest.xml:16:17-82
166            <meta-data
166-->[com.google.firebase:firebase-auth:21.1.0] AndroidManifest.xml:67:13-69:85
167                android:name="com.google.firebase.components:com.google.firebase.auth.FirebaseAuthRegistrar"
167-->[com.google.firebase:firebase-auth:21.1.0] AndroidManifest.xml:68:17-109
168                android:value="com.google.firebase.components.ComponentRegistrar" />
168-->[com.google.firebase:firebase-auth:21.1.0] AndroidManifest.xml:69:17-82
169            <meta-data
169-->[com.google.firebase:firebase-firestore:24.4.1] AndroidManifest.xml:19:13-21:85
170                android:name="com.google.firebase.components:com.google.firebase.firestore.FirestoreRegistrar"
170-->[com.google.firebase:firebase-firestore:24.4.1] AndroidManifest.xml:20:17-111
171                android:value="com.google.firebase.components.ComponentRegistrar" />
171-->[com.google.firebase:firebase-firestore:24.4.1] AndroidManifest.xml:21:17-82
172            <meta-data
172-->[com.google.firebase:firebase-database:20.1.0] AndroidManifest.xml:31:13-33:85
173                android:name="com.google.firebase.components:com.google.firebase.database.DatabaseRegistrar"
173-->[com.google.firebase:firebase-database:20.1.0] AndroidManifest.xml:32:17-109
174                android:value="com.google.firebase.components.ComponentRegistrar" />
174-->[com.google.firebase:firebase-database:20.1.0] AndroidManifest.xml:33:17-82
175            <meta-data
175-->[com.google.firebase:firebase-storage:20.1.0] AndroidManifest.xml:32:13-34:85
176                android:name="com.google.firebase.components:com.google.firebase.storage.StorageRegistrar"
176-->[com.google.firebase:firebase-storage:20.1.0] AndroidManifest.xml:33:17-107
177                android:value="com.google.firebase.components.ComponentRegistrar" />
177-->[com.google.firebase:firebase-storage:20.1.0] AndroidManifest.xml:34:17-82
178        </service>
179
180        <activity
180-->[com.google.android.gms:play-services-auth:20.3.0] AndroidManifest.xml:23:9-27:75
181            android:name="com.google.android.gms.auth.api.signin.internal.SignInHubActivity"
181-->[com.google.android.gms:play-services-auth:20.3.0] AndroidManifest.xml:24:13-93
182            android:excludeFromRecents="true"
182-->[com.google.android.gms:play-services-auth:20.3.0] AndroidManifest.xml:25:13-46
183            android:exported="false"
183-->[com.google.android.gms:play-services-auth:20.3.0] AndroidManifest.xml:26:13-37
184            android:theme="@android:style/Theme.Translucent.NoTitleBar" />
184-->[com.google.android.gms:play-services-auth:20.3.0] AndroidManifest.xml:27:13-72
185        <!--
186            Service handling Google Sign-In user revocation. For apps that do not integrate with
187            Google Sign-In, this service will never be started.
188        -->
189        <service
189-->[com.google.android.gms:play-services-auth:20.3.0] AndroidManifest.xml:33:9-37:51
190            android:name="com.google.android.gms.auth.api.signin.RevocationBoundService"
190-->[com.google.android.gms:play-services-auth:20.3.0] AndroidManifest.xml:34:13-89
191            android:exported="true"
191-->[com.google.android.gms:play-services-auth:20.3.0] AndroidManifest.xml:35:13-36
192            android:permission="com.google.android.gms.auth.api.signin.permission.REVOCATION_NOTIFICATION"
192-->[com.google.android.gms:play-services-auth:20.3.0] AndroidManifest.xml:36:13-107
193            android:visibleToInstantApps="true" />
193-->[com.google.android.gms:play-services-auth:20.3.0] AndroidManifest.xml:37:13-48
194
195        <activity
195-->[com.google.firebase:firebase-auth:21.1.0] AndroidManifest.xml:27:9-44:20
196            android:name="com.google.firebase.auth.internal.GenericIdpActivity"
196-->[com.google.firebase:firebase-auth:21.1.0] AndroidManifest.xml:28:13-80
197            android:excludeFromRecents="true"
197-->[com.google.firebase:firebase-auth:21.1.0] AndroidManifest.xml:29:13-46
198            android:exported="true"
198-->[com.google.firebase:firebase-auth:21.1.0] AndroidManifest.xml:30:13-36
199            android:launchMode="singleTask"
199-->[com.google.firebase:firebase-auth:21.1.0] AndroidManifest.xml:31:13-44
200            android:theme="@android:style/Theme.Translucent.NoTitleBar" >
200-->[com.google.firebase:firebase-auth:21.1.0] AndroidManifest.xml:32:13-72
201            <intent-filter>
201-->[com.google.firebase:firebase-auth:21.1.0] AndroidManifest.xml:33:13-43:29
202                <action android:name="android.intent.action.VIEW" />
202-->[com.google.firebase:firebase-auth:21.1.0] AndroidManifest.xml:34:17-69
202-->[com.google.firebase:firebase-auth:21.1.0] AndroidManifest.xml:34:25-66
203
204                <category android:name="android.intent.category.DEFAULT" />
204-->[com.google.firebase:firebase-auth:21.1.0] AndroidManifest.xml:36:17-76
204-->[com.google.firebase:firebase-auth:21.1.0] AndroidManifest.xml:36:27-73
205                <category android:name="android.intent.category.BROWSABLE" />
205-->[com.google.firebase:firebase-auth:21.1.0] AndroidManifest.xml:37:17-78
205-->[com.google.firebase:firebase-auth:21.1.0] AndroidManifest.xml:37:27-75
206
207                <data
207-->[com.github.CanHub:Android-Image-Cropper:4.3.0] AndroidManifest.xml:15:13-44
208                    android:host="firebase.auth"
209                    android:path="/"
210                    android:scheme="genericidp" />
211            </intent-filter>
212        </activity>
213        <activity
213-->[com.google.firebase:firebase-auth:21.1.0] AndroidManifest.xml:45:9-62:20
214            android:name="com.google.firebase.auth.internal.RecaptchaActivity"
214-->[com.google.firebase:firebase-auth:21.1.0] AndroidManifest.xml:46:13-79
215            android:excludeFromRecents="true"
215-->[com.google.firebase:firebase-auth:21.1.0] AndroidManifest.xml:47:13-46
216            android:exported="true"
216-->[com.google.firebase:firebase-auth:21.1.0] AndroidManifest.xml:48:13-36
217            android:launchMode="singleTask"
217-->[com.google.firebase:firebase-auth:21.1.0] AndroidManifest.xml:49:13-44
218            android:theme="@android:style/Theme.Translucent.NoTitleBar" >
218-->[com.google.firebase:firebase-auth:21.1.0] AndroidManifest.xml:50:13-72
219            <intent-filter>
219-->[com.google.firebase:firebase-auth:21.1.0] AndroidManifest.xml:51:13-61:29
220                <action android:name="android.intent.action.VIEW" />
220-->[com.google.firebase:firebase-auth:21.1.0] AndroidManifest.xml:34:17-69
220-->[com.google.firebase:firebase-auth:21.1.0] AndroidManifest.xml:34:25-66
221
222                <category android:name="android.intent.category.DEFAULT" />
222-->[com.google.firebase:firebase-auth:21.1.0] AndroidManifest.xml:36:17-76
222-->[com.google.firebase:firebase-auth:21.1.0] AndroidManifest.xml:36:27-73
223                <category android:name="android.intent.category.BROWSABLE" />
223-->[com.google.firebase:firebase-auth:21.1.0] AndroidManifest.xml:37:17-78
223-->[com.google.firebase:firebase-auth:21.1.0] AndroidManifest.xml:37:27-75
224
225                <data
225-->[com.github.CanHub:Android-Image-Cropper:4.3.0] AndroidManifest.xml:15:13-44
226                    android:host="firebase.auth"
227                    android:path="/"
228                    android:scheme="recaptcha" />
229            </intent-filter>
230        </activity>
231
232        <provider
232-->[com.google.firebase:firebase-common:20.2.0] AndroidManifest.xml:25:9-30:39
233            android:name="com.google.firebase.provider.FirebaseInitProvider"
233-->[com.google.firebase:firebase-common:20.2.0] AndroidManifest.xml:26:13-77
234            android:authorities="com.example.idecabe.firebaseinitprovider"
234-->[com.google.firebase:firebase-common:20.2.0] AndroidManifest.xml:27:13-72
235            android:directBootAware="true"
235-->[com.google.firebase:firebase-common:20.2.0] AndroidManifest.xml:28:13-43
236            android:exported="false"
236-->[com.google.firebase:firebase-common:20.2.0] AndroidManifest.xml:29:13-37
237            android:initOrder="100" />
237-->[com.google.firebase:firebase-common:20.2.0] AndroidManifest.xml:30:13-36
238
239        <activity
239-->[com.google.android.gms:play-services-base:18.0.1] AndroidManifest.xml:20:9-22:45
240            android:name="com.google.android.gms.common.api.GoogleApiActivity"
240-->[com.google.android.gms:play-services-base:18.0.1] AndroidManifest.xml:20:19-85
241            android:exported="false"
241-->[com.google.android.gms:play-services-base:18.0.1] AndroidManifest.xml:22:19-43
242            android:theme="@android:style/Theme.Translucent.NoTitleBar" />
242-->[com.google.android.gms:play-services-base:18.0.1] AndroidManifest.xml:21:19-78
243
244        <meta-data
244-->[com.google.android.gms:play-services-basement:18.1.0] AndroidManifest.xml:21:9-23:69
245            android:name="com.google.android.gms.version"
245-->[com.google.android.gms:play-services-basement:18.1.0] AndroidManifest.xml:22:13-58
246            android:value="@integer/google_play_services_version" />
246-->[com.google.android.gms:play-services-basement:18.1.0] AndroidManifest.xml:23:13-66
247
248        <uses-library
248-->[androidx.window:window:1.0.0] AndroidManifest.xml:25:9-27:40
249            android:name="androidx.window.extensions"
249-->[androidx.window:window:1.0.0] AndroidManifest.xml:26:13-54
250            android:required="false" />
250-->[androidx.window:window:1.0.0] AndroidManifest.xml:27:13-37
251        <uses-library
251-->[androidx.window:window:1.0.0] AndroidManifest.xml:28:9-30:40
252            android:name="androidx.window.sidecar"
252-->[androidx.window:window:1.0.0] AndroidManifest.xml:29:13-51
253            android:required="false" />
253-->[androidx.window:window:1.0.0] AndroidManifest.xml:30:13-37
254
255        <provider
255-->[com.squareup.picasso:picasso:2.71828] AndroidManifest.xml:8:9-11:40
256            android:name="com.squareup.picasso.PicassoProvider"
256-->[com.squareup.picasso:picasso:2.71828] AndroidManifest.xml:9:13-64
257            android:authorities="com.example.idecabe.com.squareup.picasso"
257-->[com.squareup.picasso:picasso:2.71828] AndroidManifest.xml:10:13-72
258            android:exported="false" />
258-->[com.squareup.picasso:picasso:2.71828] AndroidManifest.xml:11:13-37
259        <provider
259-->[androidx.emoji2:emoji2:1.0.0] AndroidManifest.xml:26:9-34:20
260            android:name="androidx.startup.InitializationProvider"
260-->[androidx.emoji2:emoji2:1.0.0] AndroidManifest.xml:27:13-67
261            android:authorities="com.example.idecabe.androidx-startup"
261-->[androidx.emoji2:emoji2:1.0.0] AndroidManifest.xml:28:13-68
262            android:exported="false" >
262-->[androidx.emoji2:emoji2:1.0.0] AndroidManifest.xml:29:13-37
263            <meta-data
263-->[androidx.emoji2:emoji2:1.0.0] AndroidManifest.xml:31:13-33:52
264                android:name="androidx.emoji2.text.EmojiCompatInitializer"
264-->[androidx.emoji2:emoji2:1.0.0] AndroidManifest.xml:32:17-75
265                android:value="androidx.startup" />
265-->[androidx.emoji2:emoji2:1.0.0] AndroidManifest.xml:33:17-49
266            <meta-data
266-->[androidx.work:work-runtime:2.7.1] AndroidManifest.xml:36:13-38:52
267                android:name="androidx.work.WorkManagerInitializer"
267-->[androidx.work:work-runtime:2.7.1] AndroidManifest.xml:37:17-68
268                android:value="androidx.startup" />
268-->[androidx.work:work-runtime:2.7.1] AndroidManifest.xml:38:17-49
269            <meta-data
269-->[androidx.lifecycle:lifecycle-process:2.4.0] AndroidManifest.xml:31:13-33:52
270                android:name="androidx.lifecycle.ProcessLifecycleInitializer"
270-->[androidx.lifecycle:lifecycle-process:2.4.0] AndroidManifest.xml:32:17-78
271                android:value="androidx.startup" />
271-->[androidx.lifecycle:lifecycle-process:2.4.0] AndroidManifest.xml:33:17-49
272        </provider>
273
274        <service
274-->[androidx.work:work-runtime:2.7.1] AndroidManifest.xml:41:9-46:35
275            android:name="androidx.work.impl.background.systemalarm.SystemAlarmService"
275-->[androidx.work:work-runtime:2.7.1] AndroidManifest.xml:42:13-88
276            android:directBootAware="false"
276-->[androidx.work:work-runtime:2.7.1] AndroidManifest.xml:43:13-44
277            android:enabled="@bool/enable_system_alarm_service_default"
277-->[androidx.work:work-runtime:2.7.1] AndroidManifest.xml:44:13-72
278            android:exported="false" />
278-->[androidx.work:work-runtime:2.7.1] AndroidManifest.xml:45:13-37
279        <service
279-->[androidx.work:work-runtime:2.7.1] AndroidManifest.xml:47:9-53:35
280            android:name="androidx.work.impl.background.systemjob.SystemJobService"
280-->[androidx.work:work-runtime:2.7.1] AndroidManifest.xml:48:13-84